2026-02-17 03:46:59,257 - INFO - ======================================================================
2026-02-17 03:46:59,257 - INFO - MULTI-STATE SCHEDULER - Starting run
2026-02-17 03:46:59,258 - INFO - ======================================================================
2026-02-17 03:46:59,258 - INFO - ▶️  Running TEXAS scraper...
2026-02-17 03:46:59,357 - INFO - ✅ TEXAS scraper completed successfully
2026-02-17 03:46:59,357 - INFO - ⏸️  Waiting 5 minutes before running FLORIDA...
2026-02-17 03:52:01,862 - INFO - ======================================================================
2026-02-17 03:52:01,862 - INFO - MULTI-STATE SCHEDULER - Starting run
2026-02-17 03:52:01,862 - INFO - ======================================================================
2026-02-17 03:52:01,863 - INFO - ▶️  Running TEXAS scraper...
2026-02-17 03:52:01,966 - INFO - ✅ TEXAS scraper completed successfully
2026-02-17 03:52:01,966 - INFO - ⏸️  Waiting 5 minutes before running FLORIDA...
2026-02-17 03:53:06,158 - INFO - ======================================================================
2026-02-17 03:53:06,159 - INFO - MULTI-STATE SCHEDULER - Starting run
2026-02-17 03:53:06,159 - INFO - ======================================================================
2026-02-17 03:53:06,159 - INFO - ▶️  Running TEXAS scraper...
2026-02-17 03:53:06,264 - INFO - ✅ TEXAS scraper completed successfully
2026-02-17 03:53:06,264 - INFO - ⏭️  FLORIDA scraper is disabled, skipping
2026-02-17 03:53:06,264 - INFO - 
2026-02-17 03:53:06,264 - INFO - ======================================================================
2026-02-17 03:53:06,264 - INFO - Run Summary:
2026-02-17 03:53:06,264 - INFO -   Total states: 2
2026-02-17 03:53:06,264 - INFO -   Successful: 2
2026-02-17 03:53:06,265 - INFO -   Failed: 0
2026-02-17 03:53:06,265 - INFO -   Duration: 0.1 seconds
2026-02-17 03:53:06,265 - INFO -     TEXAS: ✅ Success
2026-02-17 03:53:06,265 - INFO -     FLORIDA: ✅ Success
2026-02-17 03:53:06,265 - INFO -   Next run: 2026-02-18 03:53
2026-02-17 03:53:06,265 - INFO - 
2026-02-17 03:53:06,265 - INFO - ✅ All scrapers completed successfully!
2026-02-17 03:53:06,265 - INFO - ======================================================================
