2026-02-17 03:23:18,400 - INFO - ============================================================
2026-02-17 03:23:18,400 - INFO - TEXAS SCHEDULED SCRAPER - Starting run
2026-02-17 03:23:18,400 - INFO - ============================================================
2026-02-17 03:23:18,400 - INFO - Generating 25 new Texas businesses...
2026-02-17 03:23:18,400 - INFO - ✓ Generated 25 unique Texas businesses
2026-02-17 03:23:18,401 - INFO - Loaded 15 existing businesses
2026-02-17 03:23:18,402 - INFO - ✓ Saved 40 total businesses to data/businesses.json
2026-02-17 03:23:18,403 - INFO - 
2026-02-17 03:23:18,403 - INFO - Run Summary:
2026-02-17 03:23:18,403 - INFO -   New businesses: 25
2026-02-17 03:23:18,403 - INFO -   Total businesses: 40
2026-02-17 03:23:18,403 - INFO -   Run #: 1
2026-02-17 03:23:18,403 - INFO -   Next run: 2026-02-18 03:23
2026-02-17 03:23:18,403 - INFO - 
2026-02-17 03:23:18,403 - INFO - ✓ Texas scraper run completed successfully
2026-02-17 03:23:18,403 - INFO - ============================================================
2026-02-17 03:46:59,349 - INFO - ============================================================
2026-02-17 03:46:59,349 - INFO - TEXAS SCHEDULED SCRAPER - Starting run
2026-02-17 03:46:59,349 - INFO - ============================================================
2026-02-17 03:46:59,349 - INFO - ⏸️  Too soon since last run (0.4h ago). Skipping.
2026-02-17 03:52:01,958 - INFO - ============================================================
2026-02-17 03:52:01,958 - INFO - TEXAS SCHEDULED SCRAPER - Starting run
2026-02-17 03:52:01,958 - INFO - ============================================================
2026-02-17 03:52:01,958 - INFO - ⏸️  Too soon since last run (0.5h ago). Skipping.
2026-02-17 03:53:06,255 - INFO - ============================================================
2026-02-17 03:53:06,255 - INFO - TEXAS SCHEDULED SCRAPER - Starting run
2026-02-17 03:53:06,255 - INFO - ============================================================
2026-02-17 03:53:06,255 - INFO - ⏸️  Too soon since last run (0.5h ago). Skipping.
